
(exo-open:10342): Gtk-WARNING **: 08:46:30.208: Theme parsing error: gtk.css:63:28: The :prelight pseudo-class is deprecated. Use :hover instead.

(exo-open:10342): Gtk-WARNING **: 08:46:30.208: Theme parsing error: gtk.css:73:35: The :prelight pseudo-class is deprecated. Use :hover instead.

(exo-open:10342): Gtk-WARNING **: 08:46:30.208: Theme parsing error: gtk.css:115:31: The :insensitive pseudo-class is deprecated. Use :disabled instead.

(exo-open:10342): Gtk-WARNING **: 08:46:30.208: Theme parsing error: gtk.css:116:24: The :insensitive pseudo-class is deprecated. Use :disabled instead.

(exo-open:10342): Gtk-WARNING **: 08:46:30.208: Theme parsing error: gtk.css:145:27: The :insensitive pseudo-class is deprecated. Use :disabled instead.

(exo-open:10342): Gtk-WARNING **: 08:46:30.208: Theme parsing error: gtk.css:146:29: The :insensitive pseudo-class is deprecated. Use :disabled instead.

(exo-open:10342): Gtk-WARNING **: 08:46:30.209: Theme parsing error: gtk.css:166:34: The :insensitive pseudo-class is deprecated. Use :disabled instead.

(exo-open:10342): Gtk-WARNING **: 08:46:30.209: Theme parsing error: gtk.css:187:34: The :inconsistent pseudo-class is deprecated. Use :indeterminate instead.

(exo-helper-1:10346): Gtk-WARNING **: 08:46:30.256: Theme parsing error: gtk.css:63:28: The :prelight pseudo-class is deprecated. Use :hover instead.

(exo-helper-1:10346): Gtk-WARNING **: 08:46:30.256: Theme parsing error: gtk.css:73:35: The :prelight pseudo-class is deprecated. Use :hover instead.

(exo-helper-1:10346): Gtk-WARNING **: 08:46:30.256: Theme parsing error: gtk.css:115:31: The :insensitive pseudo-class is deprecated. Use :disabled instead.

(exo-helper-1:10346): Gtk-WARNING **: 08:46:30.256: Theme parsing error: gtk.css:116:24: The :insensitive pseudo-class is deprecated. Use :disabled instead.

(exo-helper-1:10346): Gtk-WARNING **: 08:46:30.256: Theme parsing error: gtk.css:145:27: The :insensitive pseudo-class is deprecated. Use :disabled instead.

(exo-helper-1:10346): Gtk-WARNING **: 08:46:30.256: Theme parsing error: gtk.css:146:29: The :insensitive pseudo-class is deprecated. Use :disabled instead.

(exo-helper-1:10346): Gtk-WARNING **: 08:46:30.256: Theme parsing error: gtk.css:166:34: The :insensitive pseudo-class is deprecated. Use :disabled instead.

(exo-helper-1:10346): Gtk-WARNING **: 08:46:30.256: Theme parsing error: gtk.css:187:34: The :inconsistent pseudo-class is deprecated. Use :indeterminate instead.
Found ffmpeg: /opt/yandex/browser-beta/libffmpeg.so
	avcodec: 3806052
	avformat: 3804516
	avutil: 3673956
Ffmpeg version is OK! Let's use it.

(yandex-browser-beta:10349): Gtk-WARNING **: 08:46:30.380: Theme parsing error: gtk.css:63:28: The :prelight pseudo-class is deprecated. Use :hover instead.

(yandex-browser-beta:10349): Gtk-WARNING **: 08:46:30.380: Theme parsing error: gtk.css:73:35: The :prelight pseudo-class is deprecated. Use :hover instead.

(yandex-browser-beta:10349): Gtk-WARNING **: 08:46:30.380: Theme parsing error: gtk.css:115:31: The :insensitive pseudo-class is deprecated. Use :disabled instead.

(yandex-browser-beta:10349): Gtk-WARNING **: 08:46:30.380: Theme parsing error: gtk.css:116:24: The :insensitive pseudo-class is deprecated. Use :disabled instead.

(yandex-browser-beta:10349): Gtk-WARNING **: 08:46:30.380: Theme parsing error: gtk.css:145:27: The :insensitive pseudo-class is deprecated. Use :disabled instead.

(yandex-browser-beta:10349): Gtk-WARNING **: 08:46:30.380: Theme parsing error: gtk.css:146:29: The :insensitive pseudo-class is deprecated. Use :disabled instead.

(yandex-browser-beta:10349): Gtk-WARNING **: 08:46:30.380: Theme parsing error: gtk.css:166:34: The :insensitive pseudo-class is deprecated. Use :disabled instead.

(yandex-browser-beta:10349): Gtk-WARNING **: 08:46:30.380: Theme parsing error: gtk.css:187:34: The :inconsistent pseudo-class is deprecated. Use :indeterminate instead.
Fontconfig warning: "/etc/fonts/fonts.conf", line 5: unknown element "its:rules"
Fontconfig warning: "/etc/fonts/fonts.conf", line 6: unknown element "its:translateRule"
Fontconfig error: "/etc/fonts/fonts.conf", line 6: invalid attribute 'translate'
Fontconfig error: "/etc/fonts/fonts.conf", line 6: invalid attribute 'selector'
Fontconfig error: "/etc/fonts/fonts.conf", line 7: invalid attribute 'xmlns:its'
Fontconfig error: "/etc/fonts/fonts.conf", line 7: invalid attribute 'version'
Fontconfig warning: "/etc/fonts/fonts.conf", line 9: unknown element "description"
Fontconfig warning: "/etc/fonts/conf.d/10-hinting-slight.conf", line 4: unknown element "its:rules"
Fontconfig warning: "/etc/fonts/conf.d/10-hinting-slight.conf", line 5: unknown element "its:translateRule"
Fontconfig error: "/etc/fonts/conf.d/10-hinting-slight.conf", line 5: invalid attribute 'translate'
Fontconfig error: "/etc/fonts/conf.d/10-hinting-slight.conf", line 5: invalid attribute 'selector'
Fontconfig error: "/etc/fonts/conf.d/10-hinting-slight.conf", line 6: invalid attribute 'xmlns:its'
Fontconfig error: "/etc/fonts/conf.d/10-hinting-slight.conf", line 6: invalid attribute 'version'
Fontconfig warning: "/etc/fonts/conf.d/10-hinting-slight.conf", line 8: unknown element "description"
Fontconfig warning: "/etc/fonts/conf.d/10-scale-bitmap-fonts.conf", line 4: unknown element "its:rules"
Fontconfig warning: "/etc/fonts/conf.d/10-scale-bitmap-fonts.conf", line 5: unknown element "its:translateRule"
Fontconfig error: "/etc/fonts/conf.d/10-scale-bitmap-fonts.conf", line 5: invalid attribute 'translate'
Fontconfig error: "/etc/fonts/conf.d/10-scale-bitmap-fonts.conf", line 5: invalid attribute 'selector'
Fontconfig error: "/etc/fonts/conf.d/10-scale-bitmap-fonts.conf", line 6: invalid attribute 'xmlns:its'
Fontconfig error: "/etc/fonts/conf.d/10-scale-bitmap-fonts.conf", line 6: invalid attribute 'version'
Fontconfig warning: "/etc/fonts/conf.d/10-scale-bitmap-fonts.conf", line 8: unknown element "description"
Fontconfig warning: "/etc/fonts/conf.d/20-unhint-small-vera.conf", line 4: unknown element "its:rules"
Fontconfig warning: "/etc/fonts/conf.d/20-unhint-small-vera.conf", line 5: unknown element "its:translateRule"
Fontconfig error: "/etc/fonts/conf.d/20-unhint-small-vera.conf", line 5: invalid attribute 'translate'
Fontconfig error: "/etc/fonts/conf.d/20-unhint-small-vera.conf", line 5: invalid attribute 'selector'
Fontconfig error: "/etc/fonts/conf.d/20-unhint-small-vera.conf", line 6: invalid attribute 'xmlns:its'
Fontconfig error: "/etc/fonts/conf.d/20-unhint-small-vera.conf", line 6: invalid attribute 'version'
Fontconfig warning: "/etc/fonts/conf.d/20-unhint-small-vera.conf", line 8: unknown element "description"
Fontconfig warning: "/etc/fonts/conf.d/30-metric-aliases.conf", line 4: unknown element "its:rules"
Fontconfig warning: "/etc/fonts/conf.d/30-metric-aliases.conf", line 5: unknown element "its:translateRule"
Fontconfig error: "/etc/fonts/conf.d/30-metric-aliases.conf", line 5: invalid attribute 'translate'
Fontconfig error: "/etc/fonts/conf.d/30-metric-aliases.conf", line 5: invalid attribute 'selector'
Fontconfig error: "/etc/fonts/conf.d/30-metric-aliases.conf", line 6: invalid attribute 'xmlns:its'
Fontconfig error: "/etc/fonts/conf.d/30-metric-aliases.conf", line 6: invalid attribute 'version'
Fontconfig warning: "/etc/fonts/conf.d/30-metric-aliases.conf", line 8: unknown element "description"
Fontconfig warning: "/etc/fonts/conf.d/40-nonlatin.conf", line 4: unknown element "its:rules"
Fontconfig warning: "/etc/fonts/conf.d/40-nonlatin.conf", line 5: unknown element "its:translateRule"
Fontconfig error: "/etc/fonts/conf.d/40-nonlatin.conf", line 5: invalid attribute 'translate'
Fontconfig error: "/etc/fonts/conf.d/40-nonlatin.conf", line 5: invalid attribute 'selector'
Fontconfig error: "/etc/fonts/conf.d/40-nonlatin.conf", line 6: invalid attribute 'xmlns:its'
Fontconfig error: "/etc/fonts/conf.d/40-nonlatin.conf", line 6: invalid attribute 'version'
Fontconfig warning: "/etc/fonts/conf.d/40-nonlatin.conf", line 8: unknown element "description"
Fontconfig warning: "/etc/fonts/conf.d/45-generic.conf", line 4: unknown element "its:rules"
Fontconfig warning: "/etc/fonts/conf.d/45-generic.conf", line 5: unknown element "its:translateRule"
Fontconfig error: "/etc/fonts/conf.d/45-generic.conf", line 5: invalid attribute 'translate'
Fontconfig error: "/etc/fonts/conf.d/45-generic.conf", line 5: invalid attribute 'selector'
Fontconfig error: "/etc/fonts/conf.d/45-generic.conf", line 6: invalid attribute 'xmlns:its'
Fontconfig error: "/etc/fonts/conf.d/45-generic.conf", line 6: invalid attribute 'version'
Fontconfig warning: "/etc/fonts/conf.d/45-generic.conf", line 8: unknown element "description"
Fontconfig warning: "/etc/fonts/conf.d/45-latin.conf", line 4: unknown element "its:rules"
Fontconfig warning: "/etc/fonts/conf.d/45-latin.conf", line 5: unknown element "its:translateRule"
Fontconfig error: "/etc/fonts/conf.d/45-latin.conf", line 5: invalid attribute 'translate'
Fontconfig error: "/etc/fonts/conf.d/45-latin.conf", line 5: invalid attribute 'selector'
Fontconfig error: "/etc/fonts/conf.d/45-latin.conf", line 6: invalid attribute 'xmlns:its'
Fontconfig error: "/etc/fonts/conf.d/45-latin.conf", line 6: invalid attribute 'version'
Fontconfig warning: "/etc/fonts/conf.d/45-latin.conf", line 8: unknown element "description"
Fontconfig warning: "/etc/fonts/conf.d/49-sansserif.conf", line 4: unknown element "its:rules"
Fontconfig warning: "/etc/fonts/conf.d/49-sansserif.conf", line 5: unknown element "its:translateRule"
Fontconfig error: "/etc/fonts/conf.d/49-sansserif.conf", line 5: invalid attribute 'translate'
Fontconfig error: "/etc/fonts/conf.d/49-sansserif.conf", line 5: invalid attribute 'selector'
Fontconfig error: "/etc/fonts/conf.d/49-sansserif.conf", line 6: invalid attribute 'xmlns:its'
Fontconfig error: "/etc/fonts/conf.d/49-sansserif.conf", line 6: invalid attribute 'version'
Fontconfig warning: "/etc/fonts/conf.d/49-sansserif.conf", line 8: unknown element "description"
Fontconfig warning: "/etc/fonts/conf.d/50-user.conf", line 4: unknown element "its:rules"
Fontconfig warning: "/etc/fonts/conf.d/50-user.conf", line 5: unknown element "its:translateRule"
Fontconfig error: "/etc/fonts/conf.d/50-user.conf", line 5: invalid attribute 'translate'
Fontconfig error: "/etc/fonts/conf.d/50-user.conf", line 5: invalid attribute 'selector'
Fontconfig error: "/etc/fonts/conf.d/50-user.conf", line 6: invalid attribute 'xmlns:its'
Fontconfig error: "/etc/fonts/conf.d/50-user.conf", line 6: invalid attribute 'version'
Fontconfig warning: "/etc/fonts/conf.d/50-user.conf", line 8: unknown element "description"
Fontconfig warning: "/etc/fonts/conf.d/51-local.conf", line 4: unknown element "its:rules"
Fontconfig warning: "/etc/fonts/conf.d/51-local.conf", line 5: unknown element "its:translateRule"
Fontconfig error: "/etc/fonts/conf.d/51-local.conf", line 5: invalid attribute 'translate'
Fontconfig error: "/etc/fonts/conf.d/51-local.conf", line 5: invalid attribute 'selector'
Fontconfig error: "/etc/fonts/conf.d/51-local.conf", line 6: invalid attribute 'xmlns:its'
Fontconfig error: "/etc/fonts/conf.d/51-local.conf", line 6: invalid attribute 'version'
Fontconfig warning: "/etc/fonts/conf.d/51-local.conf", line 8: unknown element "description"
Fontconfig warning: "/etc/fonts/conf.d/60-generic.conf", line 4: unknown element "its:rules"
Fontconfig warning: "/etc/fonts/conf.d/60-generic.conf", line 5: unknown element "its:translateRule"
Fontconfig error: "/etc/fonts/conf.d/60-generic.conf", line 5: invalid attribute 'translate'
Fontconfig error: "/etc/fonts/conf.d/60-generic.conf", line 5: invalid attribute 'selector'
Fontconfig error: "/etc/fonts/conf.d/60-generic.conf", line 6: invalid attribute 'xmlns:its'
Fontconfig error: "/etc/fonts/conf.d/60-generic.conf", line 6: invalid attribute 'version'
Fontconfig warning: "/etc/fonts/conf.d/60-generic.conf", line 8: unknown element "description"
Fontconfig warning: "/etc/fonts/conf.d/60-latin.conf", line 4: unknown element "its:rules"
Fontconfig warning: "/etc/fonts/conf.d/60-latin.conf", line 5: unknown element "its:translateRule"
Fontconfig error: "/etc/fonts/conf.d/60-latin.conf", line 5: invalid attribute 'translate'
Fontconfig error: "/etc/fonts/conf.d/60-latin.conf", line 5: invalid attribute 'selector'
Fontconfig error: "/etc/fonts/conf.d/60-latin.conf", line 6: invalid attribute 'xmlns:its'
Fontconfig error: "/etc/fonts/conf.d/60-latin.conf", line 6: invalid attribute 'version'
Fontconfig warning: "/etc/fonts/conf.d/60-latin.conf", line 8: unknown element "description"
Fontconfig warning: "/etc/fonts/conf.d/65-fonts-persian.conf", line 34: unknown element "its:rules"
Fontconfig warning: "/etc/fonts/conf.d/65-fonts-persian.conf", line 35: unknown element "its:translateRule"
Fontconfig error: "/etc/fonts/conf.d/65-fonts-persian.conf", line 35: invalid attribute 'translate'
Fontconfig error: "/etc/fonts/conf.d/65-fonts-persian.conf", line 35: invalid attribute 'selector'
Fontconfig error: "/etc/fonts/conf.d/65-fonts-persian.conf", line 36: invalid attribute 'xmlns:its'
Fontconfig error: "/etc/fonts/conf.d/65-fonts-persian.conf", line 36: invalid attribute 'version'
Fontconfig warning: "/etc/fonts/conf.d/65-nonlatin.conf", line 4: unknown element "its:rules"
Fontconfig warning: "/etc/fonts/conf.d/65-nonlatin.conf", line 5: unknown element "its:translateRule"
Fontconfig error: "/etc/fonts/conf.d/65-nonlatin.conf", line 5: invalid attribute 'translate'
Fontconfig error: "/etc/fonts/conf.d/65-nonlatin.conf", line 5: invalid attribute 'selector'
Fontconfig error: "/etc/fonts/conf.d/65-nonlatin.conf", line 6: invalid attribute 'xmlns:its'
Fontconfig error: "/etc/fonts/conf.d/65-nonlatin.conf", line 6: invalid attribute 'version'
Fontconfig warning: "/etc/fonts/conf.d/65-nonlatin.conf", line 8: unknown element "description"
Fontconfig warning: "/etc/fonts/conf.d/69-unifont.conf", line 4: unknown element "its:rules"
Fontconfig warning: "/etc/fonts/conf.d/69-unifont.conf", line 5: unknown element "its:translateRule"
Fontconfig error: "/etc/fonts/conf.d/69-unifont.conf", line 5: invalid attribute 'translate'
Fontconfig error: "/etc/fonts/conf.d/69-unifont.conf", line 5: invalid attribute 'selector'
Fontconfig error: "/etc/fonts/conf.d/69-unifont.conf", line 6: invalid attribute 'xmlns:its'
Fontconfig error: "/etc/fonts/conf.d/69-unifont.conf", line 6: invalid attribute 'version'
Fontconfig warning: "/etc/fonts/conf.d/80-delicious.conf", line 4: unknown element "its:rules"
Fontconfig warning: "/etc/fonts/conf.d/80-delicious.conf", line 5: unknown element "its:translateRule"
Fontconfig error: "/etc/fonts/conf.d/80-delicious.conf", line 5: invalid attribute 'translate'
Fontconfig error: "/etc/fonts/conf.d/80-delicious.conf", line 5: invalid attribute 'selector'
Fontconfig error: "/etc/fonts/conf.d/80-delicious.conf", line 6: invalid attribute 'xmlns:its'
Fontconfig error: "/etc/fonts/conf.d/80-delicious.conf", line 6: invalid attribute 'version'
Fontconfig warning: "/etc/fonts/conf.d/90-synthetic.conf", line 4: unknown element "its:rules"
Fontconfig warning: "/etc/fonts/conf.d/90-synthetic.conf", line 5: unknown element "its:translateRule"
Fontconfig error: "/etc/fonts/conf.d/90-synthetic.conf", line 5: invalid attribute 'translate'
Fontconfig error: "/etc/fonts/conf.d/90-synthetic.conf", line 5: invalid attribute 'selector'
Fontconfig error: "/etc/fonts/conf.d/90-synthetic.conf", line 6: invalid attribute 'xmlns:its'
Fontconfig error: "/etc/fonts/conf.d/90-synthetic.conf", line 6: invalid attribute 'version'
Fontconfig error: Cannot load config file from /etc/fonts/fonts.conf
[10349:10371:0824/084630.489925:ERROR:browser_gpu_channel_host_factory.cc(119)] Failed to launch GPU process.
Foi criada uma nova janela em uma sessão existente do navegador.
